mode: set
atomic_blend_api/main.go:21.13,26.16 4 0
atomic_blend_api/main.go:26.16,28.3 1 0
atomic_blend_api/main.go:30.2,31.20 2 0
atomic_blend_api/main.go:31.20,33.3 1 0
atomic_blend_api/main.go:35.2,39.16 3 0
atomic_blend_api/main.go:39.16,41.3 1 0
atomic_blend_api/main.go:43.2,43.15 1 0
atomic_blend_api/main.go:43.15,44.59 1 0
atomic_blend_api/main.go:44.59,46.4 1 0
atomic_blend_api/main.go:47.3,47.51 1 0
atomic_blend_api/main.go:53.2,64.16 8 0
atomic_blend_api/main.go:64.16,66.3 1 0
atomic_blend_api/main.go:68.2,69.24 2 0
atomic_blend_api/controllers/admin/admin_controller.go:15.44,17.2 1 0
atomic_blend_api/controllers/admin/admin_controller.go:19.64,22.2 3 0
atomic_blend_api/controllers/admin/admin_controller.go:22.2,26.3 3 0
atomic_blend_api/controllers/admin/user_role/create.go:21.59,24.50 2 0
atomic_blend_api/controllers/admin/user_role/create.go:24.50,27.3 2 0
atomic_blend_api/controllers/admin/user_role/create.go:30.2,31.39 2 0
atomic_blend_api/controllers/admin/user_role/create.go:31.39,34.3 2 0
atomic_blend_api/controllers/admin/user_role/create.go:36.2,37.16 2 0
atomic_blend_api/controllers/admin/user_role/create.go:37.16,40.3 2 0
atomic_blend_api/controllers/admin/user_role/create.go:42.2,42.43 1 0
atomic_blend_api/controllers/admin/user_role/delete.go:20.59,24.16 3 0
atomic_blend_api/controllers/admin/user_role/delete.go:24.16,27.3 2 0
atomic_blend_api/controllers/admin/user_role/delete.go:30.2,31.16 2 0
atomic_blend_api/controllers/admin/user_role/delete.go:31.16,32.43 1 0
atomic_blend_api/controllers/admin/user_role/delete.go:32.43,35.4 2 0
atomic_blend_api/controllers/admin/user_role/delete.go:36.3,37.9 2 0
atomic_blend_api/controllers/admin/user_role/delete.go:40.2,40.34 1 0
atomic_blend_api/controllers/admin/user_role/get_all.go:17.60,19.16 2 0
atomic_blend_api/controllers/admin/user_role/get_all.go:19.16,22.3 2 0
atomic_blend_api/controllers/admin/user_role/get_all.go:24.2,24.32 1 0
atomic_blend_api/controllers/admin/user_role/get_by_id.go:21.60,25.16 3 0
atomic_blend_api/controllers/admin/user_role/get_by_id.go:25.16,28.3 2 0
atomic_blend_api/controllers/admin/user_role/get_by_id.go:30.2,31.16 2 0
atomic_blend_api/controllers/admin/user_role/get_by_id.go:31.16,32.43 1 0
atomic_blend_api/controllers/admin/user_role/get_by_id.go:32.43,35.4 2 0
atomic_blend_api/controllers/admin/user_role/get_by_id.go:36.3,37.9 2 0
atomic_blend_api/controllers/admin/user_role/get_by_id.go:40.2,40.31 1 0
atomic_blend_api/controllers/admin/user_role/update.go:24.59,28.16 3 0
atomic_blend_api/controllers/admin/user_role/update.go:28.16,31.3 2 0
atomic_blend_api/controllers/admin/user_role/update.go:34.2,35.16 2 0
atomic_blend_api/controllers/admin/user_role/update.go:35.16,36.43 1 0
atomic_blend_api/controllers/admin/user_role/update.go:36.43,39.4 2 0
atomic_blend_api/controllers/admin/user_role/update.go:40.3,41.9 2 0
atomic_blend_api/controllers/admin/user_role/update.go:44.2,45.57 2 0
atomic_blend_api/controllers/admin/user_role/update.go:45.57,48.3 2 0
atomic_blend_api/controllers/admin/user_role/update.go:51.2,55.16 3 0
atomic_blend_api/controllers/admin/user_role/update.go:55.16,58.3 2 0
atomic_blend_api/controllers/admin/user_role/update.go:60.2,60.33 1 0
atomic_blend_api/controllers/admin/user_role/user_role_controller.go:15.95,19.2 1 0
atomic_blend_api/controllers/admin/user_role/user_role_controller.go:22.67,24.2 2 0
atomic_blend_api/controllers/admin/user_role/user_role_controller.go:24.2,30.3 5 0
atomic_blend_api/auth/middleware.go:21.39,22.30 1 1
atomic_blend_api/auth/middleware.go:22.30,25.23 2 1
atomic_blend_api/auth/middleware.go:25.23,29.4 3 1
atomic_blend_api/auth/middleware.go:32.3,33.46 2 1
atomic_blend_api/auth/middleware.go:33.46,37.4 3 1
atomic_blend_api/auth/middleware.go:40.3,42.17 3 1
atomic_blend_api/auth/middleware.go:42.17,46.4 3 1
atomic_blend_api/auth/middleware.go:49.3,50.10 2 1
atomic_blend_api/auth/middleware.go:50.10,54.4 3 0
atomic_blend_api/auth/middleware.go:57.3,58.17 2 1
atomic_blend_api/auth/middleware.go:58.17,62.4 3 0
atomic_blend_api/auth/middleware.go:65.3,69.11 2 1
atomic_blend_api/auth/middleware.go:75.48,77.13 2 1
atomic_blend_api/auth/middleware.go:77.13,79.3 1 1
atomic_blend_api/auth/middleware.go:81.2,82.9 2 1
atomic_blend_api/auth/middleware.go:82.9,84.3 1 1
atomic_blend_api/auth/middleware.go:86.2,86.13 1 1
atomic_blend_api/auth/middleware.go:91.144,92.30 1 0
atomic_blend_api/auth/middleware.go:92.30,95.22 2 0
atomic_blend_api/auth/middleware.go:95.22,99.4 3 0
atomic_blend_api/auth/middleware.go:102.3,103.17 2 0
atomic_blend_api/auth/middleware.go:103.17,105.39 2 0
atomic_blend_api/auth/middleware.go:105.39,107.5 1 0
atomic_blend_api/auth/middleware.go:107.10,109.5 1 0
atomic_blend_api/auth/middleware.go:110.4,111.10 2 0
atomic_blend_api/auth/middleware.go:113.3,114.17 2 0
atomic_blend_api/auth/middleware.go:114.17,119.4 4 0
atomic_blend_api/auth/middleware.go:120.3,124.35 3 0
atomic_blend_api/auth/middleware.go:124.35,125.44 1 0
atomic_blend_api/auth/middleware.go:125.44,127.10 2 0
atomic_blend_api/auth/middleware.go:131.3,131.15 1 0
atomic_blend_api/auth/middleware.go:131.15,135.4 3 0
atomic_blend_api/auth/middleware.go:138.3,138.11 1 0
atomic_blend_api/auth/middleware.go:144.37,145.30 1 1
atomic_blend_api/auth/middleware.go:145.30,148.23 2 1
atomic_blend_api/auth/middleware.go:148.23,152.4 2 1
atomic_blend_api/auth/middleware.go:155.3,156.46 2 1
atomic_blend_api/auth/middleware.go:156.46,160.4 2 1
atomic_blend_api/auth/middleware.go:163.3,165.17 3 1
atomic_blend_api/auth/middleware.go:165.17,169.4 2 0
atomic_blend_api/auth/middleware.go:172.3,173.10 2 1
atomic_blend_api/auth/middleware.go:173.10,177.4 2 0
atomic_blend_api/auth/middleware.go:180.3,181.17 2 1
atomic_blend_api/auth/middleware.go:181.17,185.4 2 0
atomic_blend_api/auth/middleware.go:188.3,192.11 2 1
atomic_blend_api/auth/root.go:13.64,19.2 5 0
atomic_blend_api/auth/root.go:19.2,22.3 2 0
atomic_blend_api/auth/root.go:27.76,33.2 5 0
atomic_blend_api/auth/root.go:37.59,40.2 2 1
atomic_blend_api/tests/mocks/task_repository_mock.go:20.116,22.24 2 0
atomic_blend_api/tests/mocks/task_repository_mock.go:22.24,24.3 1 0
atomic_blend_api/tests/mocks/task_repository_mock.go:25.2,25.58 1 0
atomic_blend_api/tests/mocks/task_repository_mock.go:28.98,30.24 2 0
atomic_blend_api/tests/mocks/task_repository_mock.go:30.24,32.3 1 0
atomic_blend_api/tests/mocks/task_repository_mock.go:33.2,33.56 1 0
atomic_blend_api/tests/mocks/task_repository_mock.go:36.111,38.24 2 0
atomic_blend_api/tests/mocks/task_repository_mock.go:38.24,40.3 1 0
atomic_blend_api/tests/mocks/task_repository_mock.go:41.2,41.56 1 0
atomic_blend_api/tests/mocks/task_repository_mock.go:44.122,46.24 2 0
atomic_blend_api/tests/mocks/task_repository_mock.go:46.24,48.3 1 0
atomic_blend_api/tests/mocks/task_repository_mock.go:49.2,49.56 1 0
atomic_blend_api/tests/mocks/task_repository_mock.go:52.75,55.2 2 0
atomic_blend_api/tests/mocks/user_repository_mock.go:17.111,19.24 2 0
atomic_blend_api/tests/mocks/user_repository_mock.go:19.24,21.3 1 0
atomic_blend_api/tests/mocks/user_repository_mock.go:22.2,22.56 1 0
atomic_blend_api/tests/mocks/user_repository_mock.go:25.98,27.24 2 0
atomic_blend_api/tests/mocks/user_repository_mock.go:27.24,29.3 1 0
atomic_blend_api/tests/mocks/user_repository_mock.go:30.2,30.56 1 0
atomic_blend_api/tests/mocks/user_repository_mock.go:33.111,35.24 2 0
atomic_blend_api/tests/mocks/user_repository_mock.go:35.24,37.3 1 0
atomic_blend_api/tests/mocks/user_repository_mock.go:38.2,38.56 1 0
atomic_blend_api/tests/mocks/user_repository_mock.go:41.75,44.2 2 0
atomic_blend_api/tests/mocks/user_repository_mock.go:46.105,48.24 2 0
atomic_blend_api/tests/mocks/user_repository_mock.go:48.24,50.3 1 0
atomic_blend_api/tests/mocks/user_repository_mock.go:51.2,51.56 1 0
atomic_blend_api/tests/mocks/user_repository_mock.go:54.108,56.24 2 0
atomic_blend_api/tests/mocks/user_repository_mock.go:56.24,58.3 1 0
atomic_blend_api/tests/mocks/user_repository_mock.go:59.2,59.56 1 0
atomic_blend_api/tests/mocks/user_role_repository_mock.go:16.123,18.24 2 0
atomic_blend_api/tests/mocks/user_role_repository_mock.go:18.24,20.3 1 0
atomic_blend_api/tests/mocks/user_role_repository_mock.go:21.2,21.60 1 0
atomic_blend_api/tests/mocks/user_role_repository_mock.go:24.118,26.24 2 0
atomic_blend_api/tests/mocks/user_role_repository_mock.go:26.24,28.3 1 0
atomic_blend_api/tests/mocks/user_role_repository_mock.go:29.2,29.60 1 0
atomic_blend_api/tests/mocks/user_role_repository_mock.go:32.96,34.24 2 0
atomic_blend_api/tests/mocks/user_role_repository_mock.go:34.24,36.3 1 0
atomic_blend_api/tests/mocks/user_role_repository_mock.go:37.2,37.62 1 0
atomic_blend_api/tests/mocks/user_role_repository_mock.go:40.110,42.24 2 0
atomic_blend_api/tests/mocks/user_role_repository_mock.go:42.24,44.3 1 0
atomic_blend_api/tests/mocks/user_role_repository_mock.go:45.2,45.60 1 0
atomic_blend_api/tests/mocks/user_role_repository_mock.go:48.123,50.24 2 0
atomic_blend_api/tests/mocks/user_role_repository_mock.go:50.24,52.3 1 0
atomic_blend_api/tests/mocks/user_role_repository_mock.go:53.2,53.60 1 0
atomic_blend_api/tests/mocks/user_role_repository_mock.go:56.91,59.2 2 0
atomic_blend_api/tests/mocks/user_role_repository_mock.go:61.117,63.24 2 0
atomic_blend_api/tests/mocks/user_role_repository_mock.go:63.24,65.3 1 0
atomic_blend_api/tests/mocks/user_role_repository_mock.go:66.2,66.60 1 0
atomic_blend_api/tests/mocks/user_role_repository_mock.go:69.100,72.2 2 0
atomic_blend_api/controllers/tasks/create.go:21.55,24.50 2 1
atomic_blend_api/controllers/tasks/create.go:24.50,27.3 2 1
atomic_blend_api/controllers/tasks/create.go:30.2,30.27 1 1
atomic_blend_api/controllers/tasks/create.go:30.27,33.3 2 0
atomic_blend_api/controllers/tasks/create.go:35.2,36.16 2 1
atomic_blend_api/controllers/tasks/create.go:36.16,39.3 2 0
atomic_blend_api/controllers/tasks/create.go:41.2,41.43 1 1
atomic_blend_api/controllers/tasks/delete.go:20.55,25.16 3 1
atomic_blend_api/controllers/tasks/delete.go:25.16,28.3 2 0
atomic_blend_api/controllers/tasks/delete.go:30.2,30.25 1 1
atomic_blend_api/controllers/tasks/delete.go:30.25,33.3 2 0
atomic_blend_api/controllers/tasks/delete.go:36.2,37.16 2 1
atomic_blend_api/controllers/tasks/delete.go:37.16,40.3 2 0
atomic_blend_api/controllers/tasks/delete.go:42.2,42.72 1 1
atomic_blend_api/controllers/tasks/get_all.go:19.56,25.21 3 1
atomic_blend_api/controllers/tasks/get_all.go:25.21,27.17 2 0
atomic_blend_api/controllers/tasks/get_all.go:27.17,30.4 2 0
atomic_blend_api/controllers/tasks/get_all.go:31.3,31.18 1 0
atomic_blend_api/controllers/tasks/get_all.go:34.2,35.16 2 1
atomic_blend_api/controllers/tasks/get_all.go:35.16,38.3 2 0
atomic_blend_api/controllers/tasks/get_all.go:40.2,40.32 1 1
atomic_blend_api/controllers/tasks/get_by_id.go:20.56,24.16 3 1
atomic_blend_api/controllers/tasks/get_by_id.go:24.16,27.3 2 0
atomic_blend_api/controllers/tasks/get_by_id.go:29.2,29.17 1 1
atomic_blend_api/controllers/tasks/get_by_id.go:29.17,32.3 2 1
atomic_blend_api/controllers/tasks/get_by_id.go:34.2,34.31 1 1
atomic_blend_api/controllers/tasks/task_controller.go:16.87,20.2 1 1
atomic_blend_api/controllers/tasks/task_controller.go:23.64,27.2 3 0
atomic_blend_api/controllers/tasks/task_controller.go:30.93,33.2 2 1
atomic_blend_api/controllers/tasks/task_controller.go:36.74,38.2 2 1
atomic_blend_api/controllers/tasks/task_controller.go:38.2,44.3 5 1
atomic_blend_api/controllers/tasks/test_utils.go:13.42,28.2 5 1
atomic_blend_api/controllers/tasks/test_utils.go:30.59,39.2 5 1
atomic_blend_api/controllers/tasks/update.go:23.55,28.16 3 1
atomic_blend_api/controllers/tasks/update.go:28.16,31.3 2 0
atomic_blend_api/controllers/tasks/update.go:33.2,33.25 1 1
atomic_blend_api/controllers/tasks/update.go:33.25,36.3 2 0
atomic_blend_api/controllers/tasks/update.go:39.2,40.57 2 1
atomic_blend_api/controllers/tasks/update.go:40.57,43.3 2 1
atomic_blend_api/controllers/tasks/update.go:46.2,47.16 2 1
atomic_blend_api/controllers/tasks/update.go:47.16,50.3 2 0
atomic_blend_api/controllers/tasks/update.go:52.2,52.33 1 1
atomic_blend_api/tests/mocks/task_repository_mock.go:20.116,22.24 2 1
atomic_blend_api/tests/mocks/task_repository_mock.go:22.24,24.3 1 0
atomic_blend_api/tests/mocks/task_repository_mock.go:25.2,25.58 1 1
atomic_blend_api/tests/mocks/task_repository_mock.go:28.98,30.24 2 1
atomic_blend_api/tests/mocks/task_repository_mock.go:30.24,32.3 1 1
atomic_blend_api/tests/mocks/task_repository_mock.go:33.2,33.56 1 1
atomic_blend_api/tests/mocks/task_repository_mock.go:36.111,38.24 2 1
atomic_blend_api/tests/mocks/task_repository_mock.go:38.24,40.3 1 0
atomic_blend_api/tests/mocks/task_repository_mock.go:41.2,41.56 1 1
atomic_blend_api/tests/mocks/task_repository_mock.go:44.122,46.24 2 1
atomic_blend_api/tests/mocks/task_repository_mock.go:46.24,48.3 1 0
atomic_blend_api/tests/mocks/task_repository_mock.go:49.2,49.56 1 1
atomic_blend_api/tests/mocks/task_repository_mock.go:52.75,55.2 2 1
atomic_blend_api/tests/mocks/user_repository_mock.go:17.111,19.24 2 0
atomic_blend_api/tests/mocks/user_repository_mock.go:19.24,21.3 1 0
atomic_blend_api/tests/mocks/user_repository_mock.go:22.2,22.56 1 0
atomic_blend_api/tests/mocks/user_repository_mock.go:25.98,27.24 2 0
atomic_blend_api/tests/mocks/user_repository_mock.go:27.24,29.3 1 0
atomic_blend_api/tests/mocks/user_repository_mock.go:30.2,30.56 1 0
atomic_blend_api/tests/mocks/user_repository_mock.go:33.111,35.24 2 0
atomic_blend_api/tests/mocks/user_repository_mock.go:35.24,37.3 1 0
atomic_blend_api/tests/mocks/user_repository_mock.go:38.2,38.56 1 0
atomic_blend_api/tests/mocks/user_repository_mock.go:41.75,44.2 2 0
atomic_blend_api/tests/mocks/user_repository_mock.go:46.105,48.24 2 0
atomic_blend_api/tests/mocks/user_repository_mock.go:48.24,50.3 1 0
atomic_blend_api/tests/mocks/user_repository_mock.go:51.2,51.56 1 0
atomic_blend_api/tests/mocks/user_repository_mock.go:54.108,56.24 2 0
atomic_blend_api/tests/mocks/user_repository_mock.go:56.24,58.3 1 0
atomic_blend_api/tests/mocks/user_repository_mock.go:59.2,59.56 1 0
atomic_blend_api/tests/mocks/user_role_repository_mock.go:16.123,18.24 2 0
atomic_blend_api/tests/mocks/user_role_repository_mock.go:18.24,20.3 1 0
atomic_blend_api/tests/mocks/user_role_repository_mock.go:21.2,21.60 1 0
atomic_blend_api/tests/mocks/user_role_repository_mock.go:24.118,26.24 2 0
atomic_blend_api/tests/mocks/user_role_repository_mock.go:26.24,28.3 1 0
atomic_blend_api/tests/mocks/user_role_repository_mock.go:29.2,29.60 1 0
atomic_blend_api/tests/mocks/user_role_repository_mock.go:32.96,34.24 2 0
atomic_blend_api/tests/mocks/user_role_repository_mock.go:34.24,36.3 1 0
atomic_blend_api/tests/mocks/user_role_repository_mock.go:37.2,37.62 1 0
atomic_blend_api/tests/mocks/user_role_repository_mock.go:40.110,42.24 2 0
atomic_blend_api/tests/mocks/user_role_repository_mock.go:42.24,44.3 1 0
atomic_blend_api/tests/mocks/user_role_repository_mock.go:45.2,45.60 1 0
atomic_blend_api/tests/mocks/user_role_repository_mock.go:48.123,50.24 2 0
atomic_blend_api/tests/mocks/user_role_repository_mock.go:50.24,52.3 1 0
atomic_blend_api/tests/mocks/user_role_repository_mock.go:53.2,53.60 1 0
atomic_blend_api/tests/mocks/user_role_repository_mock.go:56.91,59.2 2 0
atomic_blend_api/tests/mocks/user_role_repository_mock.go:61.117,63.24 2 0
atomic_blend_api/tests/mocks/user_role_repository_mock.go:63.24,65.3 1 0
atomic_blend_api/tests/mocks/user_role_repository_mock.go:66.2,66.60 1 0
atomic_blend_api/tests/mocks/user_role_repository_mock.go:69.100,72.2 2 0
atomic_blend_api/controllers/users/delete.go:17.102,19.2 1 0
atomic_blend_api/controllers/users/delete.go:30.58,33.21 2 1
atomic_blend_api/controllers/users/delete.go:33.21,36.3 2 1
atomic_blend_api/controllers/users/delete.go:39.2,43.16 3 1
atomic_blend_api/controllers/users/delete.go:43.16,46.3 2 0
atomic_blend_api/controllers/users/delete.go:48.2,48.17 1 1
atomic_blend_api/controllers/users/delete.go:48.17,51.3 2 1
atomic_blend_api/controllers/users/delete.go:54.2,54.58 1 1
atomic_blend_api/controllers/users/delete.go:54.58,57.3 2 1
atomic_blend_api/controllers/users/delete.go:60.2,61.16 2 1
atomic_blend_api/controllers/users/delete.go:61.16,64.3 2 0
atomic_blend_api/controllers/users/delete.go:67.2,69.4 1 1
atomic_blend_api/controllers/users/delete.go:74.96,80.16 3 1
atomic_blend_api/controllers/users/delete.go:80.16,82.3 1 1
atomic_blend_api/controllers/users/delete.go:85.2,85.29 1 1
atomic_blend_api/controllers/users/delete.go:85.29,86.55 1 0
atomic_blend_api/controllers/users/delete.go:86.55,88.4 1 0
atomic_blend_api/controllers/users/delete.go:91.2,91.12 1 1
atomic_blend_api/controllers/users/delete.go:95.83,97.2 1 1
atomic_blend_api/controllers/users/get_profile.go:12.57,15.21 2 1
atomic_blend_api/controllers/users/get_profile.go:15.21,18.3 2 1
atomic_blend_api/controllers/users/get_profile.go:21.2,22.16 2 1
atomic_blend_api/controllers/users/get_profile.go:22.16,26.3 3 1
atomic_blend_api/controllers/users/get_profile.go:29.2,30.16 2 1
atomic_blend_api/controllers/users/get_profile.go:30.16,34.3 3 1
atomic_blend_api/controllers/users/get_profile.go:37.2,42.4 2 1
atomic_blend_api/controllers/users/user_controller.go:18.142,23.2 1 1
atomic_blend_api/controllers/users/user_controller.go:26.64,36.2 6 0
atomic_blend_api/controllers/users/user_controller.go:36.2,42.3 2 0
atomic_blend_api/tests/mocks/task_repository_mock.go:20.116,22.24 2 1
atomic_blend_api/tests/mocks/task_repository_mock.go:22.24,24.3 1 1
atomic_blend_api/tests/mocks/task_repository_mock.go:25.2,25.58 1 1
atomic_blend_api/tests/mocks/task_repository_mock.go:28.98,30.24 2 0
atomic_blend_api/tests/mocks/task_repository_mock.go:30.24,32.3 1 0
atomic_blend_api/tests/mocks/task_repository_mock.go:33.2,33.56 1 0
atomic_blend_api/tests/mocks/task_repository_mock.go:36.111,38.24 2 0
atomic_blend_api/tests/mocks/task_repository_mock.go:38.24,40.3 1 0
atomic_blend_api/tests/mocks/task_repository_mock.go:41.2,41.56 1 0
atomic_blend_api/tests/mocks/task_repository_mock.go:44.122,46.24 2 0
atomic_blend_api/tests/mocks/task_repository_mock.go:46.24,48.3 1 0
atomic_blend_api/tests/mocks/task_repository_mock.go:49.2,49.56 1 0
atomic_blend_api/tests/mocks/task_repository_mock.go:52.75,55.2 2 0
atomic_blend_api/tests/mocks/user_repository_mock.go:17.111,19.24 2 0
atomic_blend_api/tests/mocks/user_repository_mock.go:19.24,21.3 1 0
atomic_blend_api/tests/mocks/user_repository_mock.go:22.2,22.56 1 0
atomic_blend_api/tests/mocks/user_repository_mock.go:25.98,27.24 2 0
atomic_blend_api/tests/mocks/user_repository_mock.go:27.24,29.3 1 0
atomic_blend_api/tests/mocks/user_repository_mock.go:30.2,30.56 1 0
atomic_blend_api/tests/mocks/user_repository_mock.go:33.111,35.24 2 0
atomic_blend_api/tests/mocks/user_repository_mock.go:35.24,37.3 1 0
atomic_blend_api/tests/mocks/user_repository_mock.go:38.2,38.56 1 0
atomic_blend_api/tests/mocks/user_repository_mock.go:41.75,44.2 2 1
atomic_blend_api/tests/mocks/user_repository_mock.go:46.105,48.24 2 0
atomic_blend_api/tests/mocks/user_repository_mock.go:48.24,50.3 1 0
atomic_blend_api/tests/mocks/user_repository_mock.go:51.2,51.56 1 0
atomic_blend_api/tests/mocks/user_repository_mock.go:54.108,56.24 2 1
atomic_blend_api/tests/mocks/user_repository_mock.go:56.24,58.3 1 1
atomic_blend_api/tests/mocks/user_repository_mock.go:59.2,59.56 1 1
atomic_blend_api/tests/mocks/user_role_repository_mock.go:16.123,18.24 2 0
atomic_blend_api/tests/mocks/user_role_repository_mock.go:18.24,20.3 1 0
atomic_blend_api/tests/mocks/user_role_repository_mock.go:21.2,21.60 1 0
atomic_blend_api/tests/mocks/user_role_repository_mock.go:24.118,26.24 2 0
atomic_blend_api/tests/mocks/user_role_repository_mock.go:26.24,28.3 1 0
atomic_blend_api/tests/mocks/user_role_repository_mock.go:29.2,29.60 1 0
atomic_blend_api/tests/mocks/user_role_repository_mock.go:32.96,34.24 2 0
atomic_blend_api/tests/mocks/user_role_repository_mock.go:34.24,36.3 1 0
atomic_blend_api/tests/mocks/user_role_repository_mock.go:37.2,37.62 1 0
atomic_blend_api/tests/mocks/user_role_repository_mock.go:40.110,42.24 2 0
atomic_blend_api/tests/mocks/user_role_repository_mock.go:42.24,44.3 1 0
atomic_blend_api/tests/mocks/user_role_repository_mock.go:45.2,45.60 1 0
atomic_blend_api/tests/mocks/user_role_repository_mock.go:48.123,50.24 2 0
atomic_blend_api/tests/mocks/user_role_repository_mock.go:50.24,52.3 1 0
atomic_blend_api/tests/mocks/user_role_repository_mock.go:53.2,53.60 1 0
atomic_blend_api/tests/mocks/user_role_repository_mock.go:56.91,59.2 2 0
atomic_blend_api/tests/mocks/user_role_repository_mock.go:61.117,63.24 2 0
atomic_blend_api/tests/mocks/user_role_repository_mock.go:63.24,65.3 1 0
atomic_blend_api/tests/mocks/user_role_repository_mock.go:66.2,66.60 1 0
atomic_blend_api/tests/mocks/user_role_repository_mock.go:69.100,72.2 2 1
atomic_blend_api/utils/jwt/jwt.go:30.91,40.21 7 1
atomic_blend_api/utils/jwt/jwt.go:40.21,42.3 1 1
atomic_blend_api/utils/jwt/jwt.go:43.2,61.16 7 1
atomic_blend_api/utils/jwt/jwt.go:61.16,63.3 1 0
atomic_blend_api/utils/jwt/jwt.go:65.2,65.17 1 1
atomic_blend_api/utils/jwt/jwt.go:69.85,72.21 2 1
atomic_blend_api/utils/jwt/jwt.go:72.21,75.3 2 1
atomic_blend_api/utils/jwt/jwt.go:77.2,77.83 1 1
atomic_blend_api/utils/jwt/jwt.go:77.83,78.58 1 1
atomic_blend_api/utils/jwt/jwt.go:78.58,80.4 1 0
atomic_blend_api/utils/jwt/jwt.go:81.3,81.32 1 1
atomic_blend_api/utils/jwt/jwt.go:84.2,84.16 1 1
atomic_blend_api/utils/jwt/jwt.go:84.16,86.3 1 1
atomic_blend_api/utils/jwt/jwt.go:88.2,89.25 2 1
atomic_blend_api/utils/jwt/jwt.go:89.25,91.3 1 0
atomic_blend_api/utils/jwt/jwt.go:94.2,94.41 1 1
atomic_blend_api/utils/jwt/jwt.go:94.41,96.3 1 1
atomic_blend_api/utils/jwt/jwt.go:98.2,98.21 1 1
atomic_blend_api/utils/jwt/jwt.go:101.56,103.21 2 1
atomic_blend_api/utils/jwt/jwt.go:103.21,105.3 1 1
atomic_blend_api/utils/jwt/jwt.go:107.2,111.16 4 1
atomic_blend_api/utils/jwt/jwt.go:111.16,113.3 1 0
atomic_blend_api/utils/jwt/jwt.go:114.2,114.42 1 1
atomic_blend_api/utils/jwt/jwt.go:114.42,117.3 2 0
atomic_blend_api/utils/jwt/jwt.go:119.2,119.18 1 1
atomic_blend_api/utils/db/mongo.go:19.55,23.19 3 1
atomic_blend_api/utils/db/mongo.go:23.19,27.3 2 1
atomic_blend_api/utils/db/mongo.go:28.2,28.16 1 1
atomic_blend_api/utils/db/mongo.go:28.16,31.3 2 1
atomic_blend_api/utils/db/mongo.go:33.2,53.20 14 1
atomic_blend_api/utils/shortcuts/shortcuts.go:7.83,8.23 1 1
atomic_blend_api/utils/shortcuts/shortcuts.go:8.23,9.25 1 1
atomic_blend_api/utils/shortcuts/shortcuts.go:9.25,11.4 1 1
atomic_blend_api/utils/shortcuts/shortcuts.go:11.9,12.35 1 1
atomic_blend_api/utils/shortcuts/shortcuts.go:13.4,13.47 1 0
atomic_blend_api/utils/shortcuts/shortcuts.go:18.41,19.16 1 1
atomic_blend_api/utils/shortcuts/shortcuts.go:19.16,21.13 2 1
atomic_blend_api/utils/shortcuts/shortcuts.go:25.45,26.16 1 1
atomic_blend_api/utils/shortcuts/shortcuts.go:26.16,29.3 2 1
atomic_blend_api/utils/shortcuts/shortcuts.go:30.2,30.14 1 1
atomic_blend_api/controllers/health/health_controller.go:21.70,25.2 1 1
atomic_blend_api/controllers/health/health_controller.go:27.56,35.16 6 1
atomic_blend_api/controllers/health/health_controller.go:35.16,37.3 1 1
atomic_blend_api/controllers/health/health_controller.go:39.2,44.25 2 1
atomic_blend_api/controllers/health/health_controller.go:48.64,53.2 2 1
atomic_blend_api/tests/utils/in_memory_mongo/in_memory_mongo.go:18.55,21.24 2 1
atomic_blend_api/tests/utils/in_memory_mongo/in_memory_mongo.go:21.24,23.3 1 1
atomic_blend_api/tests/utils/in_memory_mongo/in_memory_mongo.go:26.2,33.16 3 1
atomic_blend_api/tests/utils/in_memory_mongo/in_memory_mongo.go:33.16,36.3 2 0
atomic_blend_api/tests/utils/in_memory_mongo/in_memory_mongo.go:38.2,38.25 1 1
atomic_blend_api/tests/utils/in_memory_mongo/in_memory_mongo.go:42.66,46.16 3 1
atomic_blend_api/tests/utils/in_memory_mongo/in_memory_mongo.go:46.16,49.3 2 1
atomic_blend_api/tests/utils/in_memory_mongo/in_memory_mongo.go:52.2,53.16 2 1
atomic_blend_api/tests/utils/in_memory_mongo/in_memory_mongo.go:53.16,56.3 2 0
atomic_blend_api/tests/utils/in_memory_mongo/in_memory_mongo.go:58.2,58.20 1 1
atomic_blend_api/controllers/auth/auth_controller.go:29.134,34.2 1 1
atomic_blend_api/controllers/auth/login.go:29.46,31.49 2 1
atomic_blend_api/controllers/auth/login.go:31.49,34.3 2 1
atomic_blend_api/controllers/auth/login.go:37.2,38.31 2 1
atomic_blend_api/controllers/auth/login.go:38.31,41.3 2 1
atomic_blend_api/controllers/auth/login.go:44.2,44.83 1 1
atomic_blend_api/controllers/auth/login.go:44.83,47.3 2 1
atomic_blend_api/controllers/auth/login.go:50.2,51.16 2 1
atomic_blend_api/controllers/auth/login.go:51.16,54.3 2 0
atomic_blend_api/controllers/auth/login.go:57.2,58.16 2 1
atomic_blend_api/controllers/auth/login.go:58.16,61.3 2 0
atomic_blend_api/controllers/auth/login.go:63.2,64.16 2 1
atomic_blend_api/controllers/auth/login.go:64.16,67.3 2 0
atomic_blend_api/controllers/auth/login.go:70.2,85.4 2 1
atomic_blend_api/controllers/auth/register.go:25.49,27.49 2 1
atomic_blend_api/controllers/auth/register.go:27.49,30.3 2 1
atomic_blend_api/controllers/auth/register.go:33.2,34.39 2 1
atomic_blend_api/controllers/auth/register.go:34.39,37.3 2 1
atomic_blend_api/controllers/auth/register.go:40.2,41.16 2 1
atomic_blend_api/controllers/auth/register.go:41.16,44.3 2 0
atomic_blend_api/controllers/auth/register.go:47.2,48.16 2 1
atomic_blend_api/controllers/auth/register.go:48.16,51.3 2 0
atomic_blend_api/controllers/auth/register.go:53.2,57.16 3 1
atomic_blend_api/controllers/auth/register.go:57.16,60.3 2 0
atomic_blend_api/controllers/auth/register.go:61.2,61.24 1 1
atomic_blend_api/controllers/auth/register.go:61.24,64.3 2 0
atomic_blend_api/controllers/auth/register.go:67.2,76.16 3 1
atomic_blend_api/controllers/auth/register.go:76.16,79.3 2 0
atomic_blend_api/controllers/auth/register.go:82.2,83.16 2 1
atomic_blend_api/controllers/auth/register.go:83.16,86.3 2 0
atomic_blend_api/controllers/auth/register.go:89.2,90.16 2 1
atomic_blend_api/controllers/auth/register.go:90.16,93.3 2 0
atomic_blend_api/controllers/auth/register.go:95.2,96.16 2 1
atomic_blend_api/controllers/auth/register.go:96.16,99.3 2 0
atomic_blend_api/controllers/auth/register.go:103.2,118.4 2 1
atomic_blend_api/utils/password/generate_salt.go:9.53,11.44 2 1
atomic_blend_api/utils/password/generate_salt.go:11.44,13.3 1 0
atomic_blend_api/utils/password/generate_salt.go:14.2,14.39 1 1
atomic_blend_api/utils/password/password.go:8.52,10.16 2 1
atomic_blend_api/utils/password/password.go:10.16,12.3 1 0
atomic_blend_api/utils/password/password.go:13.2,13.27 1 1
atomic_blend_api/utils/password/password.go:17.48,20.2 2 1
atomic_blend_api/repositories/task_repository.go:29.68,33.2 1 1
atomic_blend_api/repositories/task_repository.go:36.112,38.19 2 1
atomic_blend_api/repositories/task_repository.go:38.19,40.3 1 1
atomic_blend_api/repositories/task_repository.go:42.2,43.16 2 1
atomic_blend_api/repositories/task_repository.go:43.16,45.3 1 0
atomic_blend_api/repositories/task_repository.go:46.2,49.48 3 1
atomic_blend_api/repositories/task_repository.go:49.48,51.3 1 0
atomic_blend_api/repositories/task_repository.go:53.2,53.19 1 1
atomic_blend_api/repositories/task_repository.go:57.94,60.16 3 1
atomic_blend_api/repositories/task_repository.go:60.16,62.3 1 0
atomic_blend_api/repositories/task_repository.go:64.2,66.16 3 1
atomic_blend_api/repositories/task_repository.go:66.16,67.43 1 1
atomic_blend_api/repositories/task_repository.go:67.43,69.4 1 1
atomic_blend_api/repositories/task_repository.go:70.3,70.18 1 0
atomic_blend_api/repositories/task_repository.go:73.2,73.19 1 1
atomic_blend_api/repositories/task_repository.go:77.107,81.19 2 1
atomic_blend_api/repositories/task_repository.go:81.19,84.3 2 1
atomic_blend_api/repositories/task_repository.go:86.2,91.16 4 1
atomic_blend_api/repositories/task_repository.go:91.16,93.3 1 0
atomic_blend_api/repositories/task_repository.go:95.2,107.16 2 1
atomic_blend_api/repositories/task_repository.go:107.16,109.3 1 0
atomic_blend_api/repositories/task_repository.go:111.2,111.18 1 1
atomic_blend_api/repositories/task_repository.go:115.118,117.16 2 1
atomic_blend_api/repositories/task_repository.go:117.16,119.3 1 0
atomic_blend_api/repositories/task_repository.go:121.2,136.16 5 1
atomic_blend_api/repositories/task_repository.go:136.16,138.3 1 0
atomic_blend_api/repositories/task_repository.go:140.2,140.27 1 1
atomic_blend_api/repositories/task_repository.go:144.71,146.16 2 1
atomic_blend_api/repositories/task_repository.go:146.16,148.3 1 0
atomic_blend_api/repositories/task_repository.go:150.2,152.12 3 1
atomic_blend_api/repositories/user_repository.go:38.66,39.21 1 1
atomic_blend_api/repositories/user_repository.go:39.21,41.3 1 0
atomic_blend_api/repositories/user_repository.go:42.2,44.3 1 1
atomic_blend_api/repositories/user_repository.go:48.107,50.20 1 1
atomic_blend_api/repositories/user_repository.go:50.20,53.3 2 1
atomic_blend_api/repositories/user_repository.go:54.2,60.16 5 1
atomic_blend_api/repositories/user_repository.go:60.16,62.3 1 0
atomic_blend_api/repositories/user_repository.go:64.2,64.18 1 1
atomic_blend_api/repositories/user_repository.go:68.94,71.16 3 0
atomic_blend_api/repositories/user_repository.go:71.16,73.3 1 0
atomic_blend_api/repositories/user_repository.go:75.2,76.16 2 0
atomic_blend_api/repositories/user_repository.go:76.16,77.43 1 0
atomic_blend_api/repositories/user_repository.go:77.43,79.4 1 0
atomic_blend_api/repositories/user_repository.go:80.3,80.18 1 0
atomic_blend_api/repositories/user_repository.go:83.2,83.19 1 0
atomic_blend_api/repositories/user_repository.go:87.107,88.20 1 1
atomic_blend_api/repositories/user_repository.go:88.20,90.3 1 0
atomic_blend_api/repositories/user_repository.go:91.2,98.16 6 1
atomic_blend_api/repositories/user_repository.go:98.16,100.3 1 0
atomic_blend_api/repositories/user_repository.go:102.2,102.30 1 1
atomic_blend_api/repositories/user_repository.go:102.30,104.3 1 1
atomic_blend_api/repositories/user_repository.go:106.2,106.18 1 1
atomic_blend_api/repositories/user_repository.go:110.71,112.16 2 1
atomic_blend_api/repositories/user_repository.go:112.16,114.3 1 0
atomic_blend_api/repositories/user_repository.go:116.2,117.16 2 1
atomic_blend_api/repositories/user_repository.go:117.16,119.3 1 0
atomic_blend_api/repositories/user_repository.go:121.2,121.30 1 1
atomic_blend_api/repositories/user_repository.go:121.30,123.3 1 1
atomic_blend_api/repositories/user_repository.go:125.2,125.12 1 1
atomic_blend_api/repositories/user_repository.go:129.101,132.16 3 1
atomic_blend_api/repositories/user_repository.go:132.16,133.43 1 1
atomic_blend_api/repositories/user_repository.go:133.43,135.4 1 1
atomic_blend_api/repositories/user_repository.go:136.3,136.18 1 0
atomic_blend_api/repositories/user_repository.go:139.2,139.19 1 1
atomic_blend_api/repositories/user_repository.go:143.103,146.16 3 1
atomic_blend_api/repositories/user_repository.go:146.16,147.43 1 1
atomic_blend_api/repositories/user_repository.go:147.43,149.4 1 1
atomic_blend_api/repositories/user_repository.go:150.3,150.18 1 0
atomic_blend_api/repositories/user_repository.go:153.2,153.19 1 1
atomic_blend_api/repositories/user_role_repository.go:39.74,40.21 1 1
atomic_blend_api/repositories/user_role_repository.go:40.21,42.3 1 0
atomic_blend_api/repositories/user_role_repository.go:43.2,45.3 1 1
atomic_blend_api/repositories/user_role_repository.go:49.119,51.20 1 1
atomic_blend_api/repositories/user_role_repository.go:51.20,54.3 2 1
atomic_blend_api/repositories/user_role_repository.go:57.2,63.16 5 1
atomic_blend_api/repositories/user_role_repository.go:63.16,65.3 1 0
atomic_blend_api/repositories/user_role_repository.go:66.2,66.18 1 1
atomic_blend_api/repositories/user_role_repository.go:70.114,73.16 3 1
atomic_blend_api/repositories/user_role_repository.go:73.16,74.43 1 1
atomic_blend_api/repositories/user_role_repository.go:74.43,76.4 1 1
atomic_blend_api/repositories/user_role_repository.go:77.3,77.18 1 0
atomic_blend_api/repositories/user_role_repository.go:79.2,79.19 1 1
atomic_blend_api/repositories/user_role_repository.go:83.92,87.16 3 1
atomic_blend_api/repositories/user_role_repository.go:87.16,89.3 1 0
atomic_blend_api/repositories/user_role_repository.go:90.2,92.47 2 1
atomic_blend_api/repositories/user_role_repository.go:92.47,94.3 1 0
atomic_blend_api/repositories/user_role_repository.go:96.2,96.19 1 1
atomic_blend_api/repositories/user_role_repository.go:100.106,103.16 3 1
atomic_blend_api/repositories/user_role_repository.go:103.16,104.43 1 1
atomic_blend_api/repositories/user_role_repository.go:104.43,106.4 1 1
atomic_blend_api/repositories/user_role_repository.go:107.3,107.18 1 0
atomic_blend_api/repositories/user_role_repository.go:109.2,109.19 1 1
atomic_blend_api/repositories/user_role_repository.go:113.119,114.20 1 1
atomic_blend_api/repositories/user_role_repository.go:114.20,116.3 1 0
atomic_blend_api/repositories/user_role_repository.go:119.2,126.16 6 1
atomic_blend_api/repositories/user_role_repository.go:126.16,128.3 1 0
atomic_blend_api/repositories/user_role_repository.go:130.2,130.30 1 1
atomic_blend_api/repositories/user_role_repository.go:130.30,132.3 1 1
atomic_blend_api/repositories/user_role_repository.go:134.2,134.18 1 1
atomic_blend_api/repositories/user_role_repository.go:138.87,140.16 2 1
atomic_blend_api/repositories/user_role_repository.go:140.16,142.3 1 0
atomic_blend_api/repositories/user_role_repository.go:144.2,144.30 1 1
atomic_blend_api/repositories/user_role_repository.go:144.30,146.3 1 1
atomic_blend_api/repositories/user_role_repository.go:148.2,148.12 1 1
atomic_blend_api/repositories/user_role_repository.go:152.113,155.16 2 1
atomic_blend_api/repositories/user_role_repository.go:155.16,158.3 1 1
atomic_blend_api/repositories/user_role_repository.go:161.2,161.82 1 1
atomic_blend_api/repositories/user_role_repository.go:161.82,173.3 4 1
atomic_blend_api/repositories/user_role_repository.go:175.2,175.17 1 0
atomic_blend_api/repositories/user_role_repository.go:178.100,180.38 2 1
atomic_blend_api/repositories/user_role_repository.go:180.38,182.17 2 1
atomic_blend_api/repositories/user_role_repository.go:182.17,184.4 1 1
atomic_blend_api/repositories/user_role_repository.go:185.3,185.30 1 1
atomic_blend_api/repositories/user_role_repository.go:187.2,188.12 2 1
